<?xml version="1.0" ?>
<!DOCTYPE coverage SYSTEM "http://cobertura.sourceforge.net/xml/coverage-04.dtd">
<coverage lines-valid="1" lines-covered="1" line-rate="1" branches-valid="0" branches-covered="0" branch-rate="1" timestamp="1780571606593" complexity="0" version="0.1">
  <sources>
    <source>C:/Users/mrfan/Desktop/Личные проекты/training-frontend</source>
  </sources>
  <packages>
    <package name="main" line-rate="1" branch-rate="1">
      <classes>
        <class name="ru.ts" filename="src\locales\ru.ts" line-rate="1" branch-rate="1">
          <methods>
          </methods>
          <lines>
            <line number="1" hits="1" branch="false"/>
          </lines>
        </class>
      </classes>
    </package>
  </packages>
</coverage>
